
25/06/26, 18:14:54 - ERRORE: Il download di “https://fonts.googleapis.com”, proveniente da “/Users/grazianoderossi/Downloads/us.sitesucker.mac.sitesucker/www.grazianoderossi.it/calligraphy.html”, è fallito generando un codice errore 404 (non trovato)
25/06/26, 18:14:54 - ERRORE: Il download di “https://fonts.googleapis.com”, proveniente da “/Users/grazianoderossi/Downloads/us.sitesucker.mac.sitesucker/www.grazianoderossi.it/index.html”, è fallito generando un codice errore 404 (non trovato)
25/06/26, 18:14:54 - ERRORE: Il download di “https://fonts.googleapis.com”, proveniente da “/Users/grazianoderossi/Downloads/us.sitesucker.mac.sitesucker/www.grazianoderossi.it/contact.html”, è fallito generando un codice errore 404 (non trovato)
25/06/26, 18:14:54 - ERRORE: Il download di “https://fonts.googleapis.com”, proveniente da “/Users/grazianoderossi/Downloads/us.sitesucker.mac.sitesucker/www.grazianoderossi.it/jijoninja-trial.html”, è fallito generando un codice errore 404 (non trovato)
25/06/26, 18:14:54 - ERRORE: Il download di “https://fonts.googleapis.com”, proveniente da “/Users/grazianoderossi/Downloads/us.sitesucker.mac.sitesucker/www.grazianoderossi.it/work-for-client.html”, è fallito generando un codice errore 404 (non trovato)
25/06/26, 18:14:54 - ERRORE: Il download di “https://fonts.gstatic.com”, proveniente da “/Users/grazianoderossi/Downloads/us.sitesucker.mac.sitesucker/www.grazianoderossi.it/calligraphy.html”, è fallito generando un codice errore 404 (non trovato)
25/06/26, 18:14:54 - ERRORE: Il download di “https://fonts.gstatic.com”, proveniente da “/Users/grazianoderossi/Downloads/us.sitesucker.mac.sitesucker/www.grazianoderossi.it/index.html”, è fallito generando un codice errore 404 (non trovato)
25/06/26, 18:14:54 - ERRORE: Il download di “https://fonts.gstatic.com”, proveniente da “/Users/grazianoderossi/Downloads/us.sitesucker.mac.sitesucker/www.grazianoderossi.it/contact.html”, è fallito generando un codice errore 404 (non trovato)
25/06/26, 18:14:54 - ERRORE: Il download di “https://fonts.gstatic.com”, proveniente da “/Users/grazianoderossi/Downloads/us.sitesucker.mac.sitesucker/www.grazianoderossi.it/jijoninja-trial.html”, è fallito generando un codice errore 404 (non trovato)
25/06/26, 18:14:54 - ERRORE: Il download di “https://fonts.gstatic.com”, proveniente da “/Users/grazianoderossi/Downloads/us.sitesucker.mac.sitesucker/www.grazianoderossi.it/work-for-client.html”, è fallito generando un codice errore 404 (non trovato)
25/06/26, 18:14:54 - ERRORE: Il download di “https://fonts.googleapis.com”, proveniente da “/Users/grazianoderossi/Downloads/us.sitesucker.mac.sitesucker/www.grazianoderossi.it/jijoninja.html”, è fallito generando un codice errore 404 (non trovato)
25/06/26, 18:14:54 - ERRORE: Il download di “https://fonts.gstatic.com”, proveniente da “/Users/grazianoderossi/Downloads/us.sitesucker.mac.sitesucker/www.grazianoderossi.it/jijoninja.html”, è fallito generando un codice errore 404 (non trovato)
25/06/26, 18:14:54 - ERRORE: Il download di “https://cdn.prod.website-files.com”, proveniente da “/Users/grazianoderossi/Downloads/us.sitesucker.mac.sitesucker/www.grazianoderossi.it/calligraphy.html”, è fallito generando un codice errore 403 (vietato)
25/06/26, 18:14:54 - ERRORE: Il download di “https://cdn.prod.website-files.com”, proveniente da “/Users/grazianoderossi/Downloads/us.sitesucker.mac.sitesucker/www.grazianoderossi.it/index.html”, è fallito generando un codice errore 403 (vietato)
25/06/26, 18:14:54 - ERRORE: Il download di “https://cdn.prod.website-files.com”, proveniente da “/Users/grazianoderossi/Downloads/us.sitesucker.mac.sitesucker/www.grazianoderossi.it/contact.html”, è fallito generando un codice errore 403 (vietato)
25/06/26, 18:14:54 - ERRORE: Il download di “https://cdn.prod.website-files.com”, proveniente da “/Users/grazianoderossi/Downloads/us.sitesucker.mac.sitesucker/www.grazianoderossi.it/jijoninja-trial.html”, è fallito generando un codice errore 403 (vietato)
25/06/26, 18:14:54 - ERRORE: Il download di “https://cdn.prod.website-files.com”, proveniente da “/Users/grazianoderossi/Downloads/us.sitesucker.mac.sitesucker/www.grazianoderossi.it/jijoninja.html”, è fallito generando un codice errore 403 (vietato)
25/06/26, 18:14:54 - ERRORE: Il download di “https://cdn.prod.website-files.com”, proveniente da “/Users/grazianoderossi/Downloads/us.sitesucker.mac.sitesucker/www.grazianoderossi.it/work-for-client.html”, è fallito generando un codice errore 403 (vietato)
25/06/26, 18:14:54 - ERRORE: Il download di “https://cdn.prod.website-files.com”, proveniente da “/Users/grazianoderossi/Downloads/us.sitesucker.mac.sitesucker/www.grazianoderossi.it/loescher.html”, è fallito generando un codice errore 403 (vietato)
25/06/26, 18:14:54 - ERRORE: Il download di “https://fonts.googleapis.com”, proveniente da “/Users/grazianoderossi/Downloads/us.sitesucker.mac.sitesucker/www.grazianoderossi.it/loescher.html”, è fallito generando un codice errore 404 (non trovato)
25/06/26, 18:14:54 - ERRORE: Il download di “https://fonts.gstatic.com”, proveniente da “/Users/grazianoderossi/Downloads/us.sitesucker.mac.sitesucker/www.grazianoderossi.it/loescher.html”, è fallito generando un codice errore 404 (non trovato)
25/06/26, 18:14:55 - ERRORE: Il download di “https://cdn.prod.website-files.com”, proveniente da “/Users/grazianoderossi/Downloads/us.sitesucker.mac.sitesucker/www.grazianoderossi.it/nove-maestri.html”, è fallito generando un codice errore 403 (vietato)
25/06/26, 18:14:55 - ERRORE: Il download di “https://fonts.googleapis.com”, proveniente da “/Users/grazianoderossi/Downloads/us.sitesucker.mac.sitesucker/www.grazianoderossi.it/nove-maestri.html”, è fallito generando un codice errore 404 (non trovato)
25/06/26, 18:14:55 - ERRORE: Il download di “https://fonts.gstatic.com”, proveniente da “/Users/grazianoderossi/Downloads/us.sitesucker.mac.sitesucker/www.grazianoderossi.it/nove-maestri.html”, è fallito generando un codice errore 404 (non trovato)
25/06/26, 18:14:55 - ERRORE: Il download di “https://cdn.prod.website-files.com”, proveniente da “/Users/grazianoderossi/Downloads/us.sitesucker.mac.sitesucker/www.grazianoderossi.it/mantide-torinese.html”, è fallito generando un codice errore 403 (vietato)
25/06/26, 18:14:55 - ERRORE: Il download di “https://fonts.googleapis.com”, proveniente da “/Users/grazianoderossi/Downloads/us.sitesucker.mac.sitesucker/www.grazianoderossi.it/mantide-torinese.html”, è fallito generando un codice errore 404 (non trovato)
25/06/26, 18:14:55 - ERRORE: Il download di “https://fonts.gstatic.com”, proveniente da “/Users/grazianoderossi/Downloads/us.sitesucker.mac.sitesucker/www.grazianoderossi.it/mantide-torinese.html”, è fallito generando un codice errore 404 (non trovato)
25/06/26, 18:14:55 - ERRORE: Il download di “https://cdn.prod.website-files.com”, proveniente da “/Users/grazianoderossi/Downloads/us.sitesucker.mac.sitesucker/www.grazianoderossi.it/zignone.html”, è fallito generando un codice errore 403 (vietato)
25/06/26, 18:14:55 - ERRORE: Il download di “https://fonts.googleapis.com”, proveniente da “/Users/grazianoderossi/Downloads/us.sitesucker.mac.sitesucker/www.grazianoderossi.it/zignone.html”, è fallito generando un codice errore 404 (non trovato)
25/06/26, 18:14:55 - ERRORE: Il download di “https://fonts.gstatic.com”, proveniente da “/Users/grazianoderossi/Downloads/us.sitesucker.mac.sitesucker/www.grazianoderossi.it/zignone.html”, è fallito generando un codice errore 404 (non trovato)
25/06/26, 18:14:55 - ERRORE: Il download di “https://cdn.prod.website-files.com”, proveniente da “/Users/grazianoderossi/Downloads/us.sitesucker.mac.sitesucker/www.grazianoderossi.it/hugonoff.html”, è fallito generando un codice errore 403 (vietato)
25/06/26, 18:14:55 - ERRORE: Il download di “https://fonts.googleapis.com”, proveniente da “/Users/grazianoderossi/Downloads/us.sitesucker.mac.sitesucker/www.grazianoderossi.it/hugonoff.html”, è fallito generando un codice errore 404 (non trovato)
25/06/26, 18:14:55 - ERRORE: Il download di “https://fonts.gstatic.com”, proveniente da “/Users/grazianoderossi/Downloads/us.sitesucker.mac.sitesucker/www.grazianoderossi.it/hugonoff.html”, è fallito generando un codice errore 404 (non trovato)
25/06/26, 18:14:55 - ERRORE: Il download di “https://cdn.prod.website-files.com”, proveniente da “/Users/grazianoderossi/Downloads/us.sitesucker.mac.sitesucker/www.grazianoderossi.it/autotrends.html”, è fallito generando un codice errore 403 (vietato)
25/06/26, 18:14:55 - ERRORE: Il download di “https://fonts.googleapis.com”, proveniente da “/Users/grazianoderossi/Downloads/us.sitesucker.mac.sitesucker/www.grazianoderossi.it/autotrends.html”, è fallito generando un codice errore 404 (non trovato)
25/06/26, 18:14:55 - ERRORE: Il download di “https://fonts.gstatic.com”, proveniente da “/Users/grazianoderossi/Downloads/us.sitesucker.mac.sitesucker/www.grazianoderossi.it/autotrends.html”, è fallito generando un codice errore 404 (non trovato)
25/06/26, 18:14:55 - ERRORE: Il download di “https://cdn.prod.website-files.com”, proveniente da “/Users/grazianoderossi/Downloads/us.sitesucker.mac.sitesucker/www.grazianoderossi.it/elena-miro.html”, è fallito generando un codice errore 403 (vietato)
25/06/26, 18:14:55 - ERRORE: Il download di “https://fonts.googleapis.com”, proveniente da “/Users/grazianoderossi/Downloads/us.sitesucker.mac.sitesucker/www.grazianoderossi.it/elena-miro.html”, è fallito generando un codice errore 404 (non trovato)
25/06/26, 18:14:55 - ERRORE: Il download di “https://fonts.gstatic.com”, proveniente da “/Users/grazianoderossi/Downloads/us.sitesucker.mac.sitesucker/www.grazianoderossi.it/elena-miro.html”, è fallito generando un codice errore 404 (non trovato)
25/06/26, 18:14:55 - ERRORE: Il download di “https://cdn.prod.website-files.com”, proveniente da “/Users/grazianoderossi/Downloads/us.sitesucker.mac.sitesucker/www.grazianoderossi.it/graphic-disegn.html”, è fallito generando un codice errore 403 (vietato)
25/06/26, 18:14:55 - ERRORE: Il download di “https://fonts.googleapis.com”, proveniente da “/Users/grazianoderossi/Downloads/us.sitesucker.mac.sitesucker/www.grazianoderossi.it/graphic-disegn.html”, è fallito generando un codice errore 404 (non trovato)
25/06/26, 18:14:55 - ERRORE: Il download di “https://fonts.gstatic.com”, proveniente da “/Users/grazianoderossi/Downloads/us.sitesucker.mac.sitesucker/www.grazianoderossi.it/graphic-disegn.html”, è fallito generando un codice errore 404 (non trovato)
25/06/26, 18:14:56 - ERRORE: Il download di “https://cdn.prod.website-files.com”, proveniente da “/Users/grazianoderossi/Downloads/us.sitesucker.mac.sitesucker/www.grazianoderossi.it/logotype-portfolio.html”, è fallito generando un codice errore 403 (vietato)
25/06/26, 18:14:56 - ERRORE: Il download di “https://fonts.googleapis.com”, proveniente da “/Users/grazianoderossi/Downloads/us.sitesucker.mac.sitesucker/www.grazianoderossi.it/logotype-portfolio.html”, è fallito generando un codice errore 404 (non trovato)
25/06/26, 18:14:56 - ERRORE: Il download di “https://fonts.gstatic.com”, proveniente da “/Users/grazianoderossi/Downloads/us.sitesucker.mac.sitesucker/www.grazianoderossi.it/logotype-portfolio.html”, è fallito generando un codice errore 404 (non trovato)
25/06/26, 18:14:56 - ERRORE: Il download di “https://cdn.prod.website-files.com”, proveniente da “/Users/grazianoderossi/Downloads/us.sitesucker.mac.sitesucker/www.grazianoderossi.it/eraser-heads.html”, è fallito generando un codice errore 403 (vietato)
25/06/26, 18:14:56 - ERRORE: Il download di “https://fonts.googleapis.com”, proveniente da “/Users/grazianoderossi/Downloads/us.sitesucker.mac.sitesucker/www.grazianoderossi.it/eraser-heads.html”, è fallito generando un codice errore 404 (non trovato)
25/06/26, 18:14:56 - ERRORE: Il download di “https://fonts.gstatic.com”, proveniente da “/Users/grazianoderossi/Downloads/us.sitesucker.mac.sitesucker/www.grazianoderossi.it/eraser-heads.html”, è fallito generando un codice errore 404 (non trovato)
25/06/26, 18:14:56 - ERRORE: Il download di “https://cdn.prod.website-files.com”, proveniente da “/Users/grazianoderossi/Downloads/us.sitesucker.mac.sitesucker/www.grazianoderossi.it/crab-skills.html”, è fallito generando un codice errore 403 (vietato)
25/06/26, 18:14:56 - ERRORE: Il download di “https://fonts.googleapis.com”, proveniente da “/Users/grazianoderossi/Downloads/us.sitesucker.mac.sitesucker/www.grazianoderossi.it/crab-skills.html”, è fallito generando un codice errore 404 (non trovato)
25/06/26, 18:14:56 - ERRORE: Il download di “https://fonts.gstatic.com”, proveniente da “/Users/grazianoderossi/Downloads/us.sitesucker.mac.sitesucker/www.grazianoderossi.it/crab-skills.html”, è fallito generando un codice errore 404 (non trovato)
25/06/26, 18:14:56 - ERRORE: Il download di “https://cdn.prod.website-files.com”, proveniente da “/Users/grazianoderossi/Downloads/us.sitesucker.mac.sitesucker/www.grazianoderossi.it/elena-salamon.html”, è fallito generando un codice errore 403 (vietato)
25/06/26, 18:14:56 - ERRORE: Il download di “https://fonts.googleapis.com”, proveniente da “/Users/grazianoderossi/Downloads/us.sitesucker.mac.sitesucker/www.grazianoderossi.it/elena-salamon.html”, è fallito generando un codice errore 404 (non trovato)
25/06/26, 18:14:56 - ERRORE: Il download di “https://fonts.gstatic.com”, proveniente da “/Users/grazianoderossi/Downloads/us.sitesucker.mac.sitesucker/www.grazianoderossi.it/elena-salamon.html”, è fallito generando un codice errore 404 (non trovato)
25/06/26, 18:14:56 - ERRORE: Il download di “https://cdn.prod.website-files.com”, proveniente da “/Users/grazianoderossi/Downloads/us.sitesucker.mac.sitesucker/www.grazianoderossi.it/atrium.html”, è fallito generando un codice errore 403 (vietato)
25/06/26, 18:14:56 - ERRORE: Il download di “https://fonts.googleapis.com”, proveniente da “/Users/grazianoderossi/Downloads/us.sitesucker.mac.sitesucker/www.grazianoderossi.it/atrium.html”, è fallito generando un codice errore 404 (non trovato)
25/06/26, 18:14:56 - ERRORE: Il download di “https://fonts.gstatic.com”, proveniente da “/Users/grazianoderossi/Downloads/us.sitesucker.mac.sitesucker/www.grazianoderossi.it/atrium.html”, è fallito generando un codice errore 404 (non trovato)
25/06/26, 18:14:56 - ERRORE: Il download di “https://cdn.prod.website-files.com”, proveniente da “/Users/grazianoderossi/Downloads/us.sitesucker.mac.sitesucker/www.grazianoderossi.it/pensieri-meticci.html”, è fallito generando un codice errore 403 (vietato)
25/06/26, 18:14:56 - ERRORE: Il download di “https://fonts.googleapis.com”, proveniente da “/Users/grazianoderossi/Downloads/us.sitesucker.mac.sitesucker/www.grazianoderossi.it/pensieri-meticci.html”, è fallito generando un codice errore 404 (non trovato)
25/06/26, 18:14:56 - ERRORE: Il download di “https://fonts.gstatic.com”, proveniente da “/Users/grazianoderossi/Downloads/us.sitesucker.mac.sitesucker/www.grazianoderossi.it/pensieri-meticci.html”, è fallito generando un codice errore 404 (non trovato)
25/06/26, 18:14:56 - ERRORE: Il download di “https://cdn.prod.website-files.com”, proveniente da “/Users/grazianoderossi/Downloads/us.sitesucker.mac.sitesucker/www.grazianoderossi.it/ukulella.html”, è fallito generando un codice errore 403 (vietato)
25/06/26, 18:14:56 - ERRORE: Il download di “https://fonts.googleapis.com”, proveniente da “/Users/grazianoderossi/Downloads/us.sitesucker.mac.sitesucker/www.grazianoderossi.it/ukulella.html”, è fallito generando un codice errore 404 (non trovato)
25/06/26, 18:14:56 - ERRORE: Il download di “https://fonts.gstatic.com”, proveniente da “/Users/grazianoderossi/Downloads/us.sitesucker.mac.sitesucker/www.grazianoderossi.it/ukulella.html”, è fallito generando un codice errore 404 (non trovato)
25/06/26, 18:14:57 - ERRORE: Il download di “https://cdn.prod.website-files.com”, proveniente da “/Users/grazianoderossi/Downloads/us.sitesucker.mac.sitesucker/www.grazianoderossi.it/john-symmia.html”, è fallito generando un codice errore 403 (vietato)
25/06/26, 18:14:57 - ERRORE: Il download di “https://fonts.googleapis.com”, proveniente da “/Users/grazianoderossi/Downloads/us.sitesucker.mac.sitesucker/www.grazianoderossi.it/john-symmia.html”, è fallito generando un codice errore 404 (non trovato)
25/06/26, 18:14:57 - ERRORE: Il download di “https://fonts.gstatic.com”, proveniente da “/Users/grazianoderossi/Downloads/us.sitesucker.mac.sitesucker/www.grazianoderossi.it/john-symmia.html”, è fallito generando un codice errore 404 (non trovato)
25/06/26, 18:14:58 - ERRORE: Il download di “https://cdn.prod.website-files.com”, proveniente da “/Users/grazianoderossi/Downloads/us.sitesucker.mac.sitesucker/www.grazianoderossi.it/omomolle.html”, è fallito generando un codice errore 403 (vietato)
25/06/26, 18:14:58 - ERRORE: Il download di “https://fonts.googleapis.com”, proveniente da “/Users/grazianoderossi/Downloads/us.sitesucker.mac.sitesucker/www.grazianoderossi.it/omomolle.html”, è fallito generando un codice errore 404 (non trovato)
25/06/26, 18:14:58 - ERRORE: Il download di “https://fonts.gstatic.com”, proveniente da “/Users/grazianoderossi/Downloads/us.sitesucker.mac.sitesucker/www.grazianoderossi.it/omomolle.html”, è fallito generando un codice errore 404 (non trovato)
25/06/26, 18:14:58 - ERRORE: Il download di “https://cdn.prod.website-files.com”, proveniente da “/Users/grazianoderossi/Downloads/us.sitesucker.mac.sitesucker/www.grazianoderossi.it/brush-shirts.html”, è fallito generando un codice errore 403 (vietato)
25/06/26, 18:14:58 - ERRORE: Il download di “https://fonts.googleapis.com”, proveniente da “/Users/grazianoderossi/Downloads/us.sitesucker.mac.sitesucker/www.grazianoderossi.it/brush-shirts.html”, è fallito generando un codice errore 404 (non trovato)
25/06/26, 18:14:58 - ERRORE: Il download di “https://fonts.gstatic.com”, proveniente da “/Users/grazianoderossi/Downloads/us.sitesucker.mac.sitesucker/www.grazianoderossi.it/brush-shirts.html”, è fallito generando un codice errore 404 (non trovato)
25/06/26, 18:14:58 - ERRORE: Il download di “https://cdn.prod.website-files.com”, proveniente da “/Users/grazianoderossi/Downloads/us.sitesucker.mac.sitesucker/www.grazianoderossi.it/robotu.html”, è fallito generando un codice errore 403 (vietato)
25/06/26, 18:14:58 - ERRORE: Il download di “https://fonts.googleapis.com”, proveniente da “/Users/grazianoderossi/Downloads/us.sitesucker.mac.sitesucker/www.grazianoderossi.it/robotu.html”, è fallito generando un codice errore 404 (non trovato)
25/06/26, 18:14:58 - ERRORE: Il download di “https://fonts.gstatic.com”, proveniente da “/Users/grazianoderossi/Downloads/us.sitesucker.mac.sitesucker/www.grazianoderossi.it/robotu.html”, è fallito generando un codice errore 404 (non trovato)
25/06/26, 18:14:58 - ERRORE: Il download di “https://cdn.prod.website-files.com”, proveniente da “/Users/grazianoderossi/Downloads/us.sitesucker.mac.sitesucker/www.grazianoderossi.it/dinosauri.html”, è fallito generando un codice errore 403 (vietato)
25/06/26, 18:14:58 - ERRORE: Il download di “https://fonts.googleapis.com”, proveniente da “/Users/grazianoderossi/Downloads/us.sitesucker.mac.sitesucker/www.grazianoderossi.it/dinosauri.html”, è fallito generando un codice errore 404 (non trovato)
25/06/26, 18:14:58 - ERRORE: Il download di “https://fonts.gstatic.com”, proveniente da “/Users/grazianoderossi/Downloads/us.sitesucker.mac.sitesucker/www.grazianoderossi.it/dinosauri.html”, è fallito generando un codice errore 404 (non trovato)
25/06/26, 18:14:58 - ERRORE: Il download di “https://cdn.prod.website-files.com”, proveniente da “/Users/grazianoderossi/Downloads/us.sitesucker.mac.sitesucker/www.grazianoderossi.it/andreaandrea.html”, è fallito generando un codice errore 403 (vietato)
25/06/26, 18:14:58 - ERRORE: Il download di “https://fonts.googleapis.com”, proveniente da “/Users/grazianoderossi/Downloads/us.sitesucker.mac.sitesucker/www.grazianoderossi.it/andreaandrea.html”, è fallito generando un codice errore 404 (non trovato)
25/06/26, 18:14:58 - ERRORE: Il download di “https://fonts.gstatic.com”, proveniente da “/Users/grazianoderossi/Downloads/us.sitesucker.mac.sitesucker/www.grazianoderossi.it/andreaandrea.html”, è fallito generando un codice errore 404 (non trovato)
25/06/26, 18:14:59 - ERRORE: Il download di “https://cdn.prod.website-files.com”, proveniente da “/Users/grazianoderossi/Downloads/us.sitesucker.mac.sitesucker/www.grazianoderossi.it/zippaldera.html”, è fallito generando un codice errore 403 (vietato)
25/06/26, 18:14:59 - ERRORE: Il download di “https://fonts.googleapis.com”, proveniente da “/Users/grazianoderossi/Downloads/us.sitesucker.mac.sitesucker/www.grazianoderossi.it/zippaldera.html”, è fallito generando un codice errore 404 (non trovato)
25/06/26, 18:14:59 - ERRORE: Il download di “https://fonts.gstatic.com”, proveniente da “/Users/grazianoderossi/Downloads/us.sitesucker.mac.sitesucker/www.grazianoderossi.it/zippaldera.html”, è fallito generando un codice errore 404 (non trovato)
25/06/26, 18:14:59 - ERRORE: Il download di “https://cdn.prod.website-files.com”, proveniente da “/Users/grazianoderossi/Downloads/us.sitesucker.mac.sitesucker/www.grazianoderossi.it/tempo-ritrovato.html”, è fallito generando un codice errore 403 (vietato)
25/06/26, 18:14:59 - ERRORE: Il download di “https://fonts.googleapis.com”, proveniente da “/Users/grazianoderossi/Downloads/us.sitesucker.mac.sitesucker/www.grazianoderossi.it/tempo-ritrovato.html”, è fallito generando un codice errore 404 (non trovato)
25/06/26, 18:14:59 - ERRORE: Il download di “https://fonts.gstatic.com”, proveniente da “/Users/grazianoderossi/Downloads/us.sitesucker.mac.sitesucker/www.grazianoderossi.it/tempo-ritrovato.html”, è fallito generando un codice errore 404 (non trovato)
25/06/26, 18:14:59 - ERRORE: Il download di “https://cdn.prod.website-files.com”, proveniente da “/Users/grazianoderossi/Downloads/us.sitesucker.mac.sitesucker/www.grazianoderossi.it/absolute-beginners.html”, è fallito generando un codice errore 403 (vietato)
25/06/26, 18:14:59 - ERRORE: Il download di “https://fonts.googleapis.com”, proveniente da “/Users/grazianoderossi/Downloads/us.sitesucker.mac.sitesucker/www.grazianoderossi.it/absolute-beginners.html”, è fallito generando un codice errore 404 (non trovato)
25/06/26, 18:14:59 - ERRORE: Il download di “https://fonts.gstatic.com”, proveniente da “/Users/grazianoderossi/Downloads/us.sitesucker.mac.sitesucker/www.grazianoderossi.it/absolute-beginners.html”, è fallito generando un codice errore 404 (non trovato)
25/06/26, 18:14:59 - ERRORE: Il download di “https://cdn.prod.website-files.com”, proveniente da “/Users/grazianoderossi/Downloads/us.sitesucker.mac.sitesucker/www.grazianoderossi.it/eggers.html”, è fallito generando un codice errore 403 (vietato)
25/06/26, 18:14:59 - ERRORE: Il download di “https://fonts.googleapis.com”, proveniente da “/Users/grazianoderossi/Downloads/us.sitesucker.mac.sitesucker/www.grazianoderossi.it/eggers.html”, è fallito generando un codice errore 404 (non trovato)
25/06/26, 18:14:59 - ERRORE: Il download di “https://fonts.gstatic.com”, proveniente da “/Users/grazianoderossi/Downloads/us.sitesucker.mac.sitesucker/www.grazianoderossi.it/eggers.html”, è fallito generando un codice errore 404 (non trovato)
25/06/26, 18:14:59 - ERRORE: Il download di “https://cdn.prod.website-files.com”, proveniente da “/Users/grazianoderossi/Downloads/us.sitesucker.mac.sitesucker/www.grazianoderossi.it/yeti.html”, è fallito generando un codice errore 403 (vietato)
25/06/26, 18:14:59 - ERRORE: Il download di “https://fonts.googleapis.com”, proveniente da “/Users/grazianoderossi/Downloads/us.sitesucker.mac.sitesucker/www.grazianoderossi.it/yeti.html”, è fallito generando un codice errore 404 (non trovato)
25/06/26, 18:14:59 - ERRORE: Il download di “https://fonts.gstatic.com”, proveniente da “/Users/grazianoderossi/Downloads/us.sitesucker.mac.sitesucker/www.grazianoderossi.it/yeti.html”, è fallito generando un codice errore 404 (non trovato)
25/06/26, 18:14:59 - ERRORE: Il download di “https://cdn.prod.website-files.com”, proveniente da “/Users/grazianoderossi/Downloads/us.sitesucker.mac.sitesucker/www.grazianoderossi.it/van-gogh-alive.html”, è fallito generando un codice errore 403 (vietato)
25/06/26, 18:14:59 - ERRORE: Il download di “https://fonts.googleapis.com”, proveniente da “/Users/grazianoderossi/Downloads/us.sitesucker.mac.sitesucker/www.grazianoderossi.it/van-gogh-alive.html”, è fallito generando un codice errore 404 (non trovato)
25/06/26, 18:14:59 - ERRORE: Il download di “https://fonts.gstatic.com”, proveniente da “/Users/grazianoderossi/Downloads/us.sitesucker.mac.sitesucker/www.grazianoderossi.it/van-gogh-alive.html”, è fallito generando un codice errore 404 (non trovato)
25/06/26, 18:15:00 - ERRORE: Il download di “https://cdn.prod.website-files.com/60a9b5241b55443606bfa800/60ae90cb78f5a40984e08286_VanGoghAlive540-transcode.mp4,https://cdn.prod.website-files.com/60a9b5241b55443606bfa800/60ae90cb78f5a40984e08286_VanGoghAlive540-transcode.webm”, proveniente da “/Users/grazianoderossi/Downloads/us.sitesucker.mac.sitesucker/www.grazianoderossi.it/calligraphy.html”, è fallito generando un codice errore 403 (vietato)
25/06/26, 18:15:00 - ERRORE: Il download di “https://cdn.prod.website-files.com/60a9b5241b55443606bfa800/60ae90cb78f5a40984e08286_VanGoghAlive540-transcode.mp4,https://cdn.prod.website-files.com/60a9b5241b55443606bfa800/60ae90cb78f5a40984e08286_VanGoghAlive540-transcode.webm”, proveniente da “/Users/grazianoderossi/Downloads/us.sitesucker.mac.sitesucker/www.grazianoderossi.it/van-gogh-alive.html”, è fallito generando un codice errore 403 (vietato)
25/06/26, 18:15:26 - ERRORE: Il download di “https://cdn.prod.website-files.com”, proveniente da “/Users/grazianoderossi/Downloads/us.sitesucker.mac.sitesucker/www.grazianoderossi.it/report-absolute-baginners.html”, è fallito generando un codice errore 403 (vietato)
25/06/26, 18:15:26 - ERRORE: Il download di “https://fonts.googleapis.com”, proveniente da “/Users/grazianoderossi/Downloads/us.sitesucker.mac.sitesucker/www.grazianoderossi.it/report-absolute-baginners.html”, è fallito generando un codice errore 404 (non trovato)
25/06/26, 18:15:26 - ERRORE: Il download di “https://fonts.gstatic.com”, proveniente da “/Users/grazianoderossi/Downloads/us.sitesucker.mac.sitesucker/www.grazianoderossi.it/report-absolute-baginners.html”, è fallito generando un codice errore 404 (non trovato)

---------------------
